c:\workstuff\gprog new videos\trig\opengl 4.5 template\opengl 4.5 template\x64\debug\opengl 4.5 template.pch
c:\workstuff\gprog new videos\trig\opengl 4.5 template\opengl 4.5 template\x64\debug\vc142.pdb
c:\workstuff\gprog new videos\trig\opengl 4.5 template\opengl 4.5 template\x64\debug\vc142.idb
c:\workstuff\gprog new videos\trig\opengl 4.5 template\opengl 4.5 template\x64\debug\stdafx.obj
c:\workstuff\gprog new videos\trig\opengl 4.5 template\opengl 4.5 template\x64\debug\shape_tri.obj
c:\workstuff\gprog new videos\trig\opengl 4.5 template\opengl 4.5 template\x64\debug\shape_rect.obj
c:\workstuff\gprog new videos\trig\opengl 4.5 template\opengl 4.5 template\x64\debug\opengl 4.5 template.obj
c:\workstuff\gprog new videos\trig\opengl 4.5 template\opengl 4.5 template\x64\debug\mathhelper.obj
c:\workstuff\gprog new videos\trig\opengl 4.5 template\opengl 4.5 template\x64\debug\gl_galogen.obj
c:\workstuff\gprog new videos\trig\opengl 4.5 template\opengl 4.5 template\x64\debug\game.obj
c:\workstuff\gprog new videos\trig\opengl 4.5 template\x64\debug\opengl 4.5 template.exe
c:\workstuff\gprog new videos\trig\opengl 4.5 template\x64\debug\opengl 4.5 template.ilk
c:\workstuff\gprog new videos\trig\opengl 4.5 template\x64\debug\opengl 4.5 template.pdb
c:\workstuff\gprog new videos\trig\opengl 4.5 template\opengl 4.5 template\x64\debug\opengl 4.5 template.res
c:\workstuff\gprog new videos\trig\opengl 4.5 template\opengl 4.5 template\x64\debug\opengl 4.28cdd57a.tlog\cl.command.1.tlog
c:\workstuff\gprog new videos\trig\opengl 4.5 template\opengl 4.5 template\x64\debug\opengl 4.28cdd57a.tlog\cl.read.1.tlog
c:\workstuff\gprog new videos\trig\opengl 4.5 template\opengl 4.5 template\x64\debug\opengl 4.28cdd57a.tlog\cl.write.1.tlog
c:\workstuff\gprog new videos\trig\opengl 4.5 template\opengl 4.5 template\x64\debug\opengl 4.28cdd57a.tlog\link.command.1.tlog
c:\workstuff\gprog new videos\trig\opengl 4.5 template\opengl 4.5 template\x64\debug\opengl 4.28cdd57a.tlog\link.read.1.tlog
c:\workstuff\gprog new videos\trig\opengl 4.5 template\opengl 4.5 template\x64\debug\opengl 4.28cdd57a.tlog\link.write.1.tlog
c:\workstuff\gprog new videos\trig\opengl 4.5 template\opengl 4.5 template\x64\debug\opengl 4.28cdd57a.tlog\rc.command.1.tlog
c:\workstuff\gprog new videos\trig\opengl 4.5 template\opengl 4.5 template\x64\debug\opengl 4.28cdd57a.tlog\rc.read.1.tlog
c:\workstuff\gprog new videos\trig\opengl 4.5 template\opengl 4.5 template\x64\debug\opengl 4.28cdd57a.tlog\rc.write.1.tlog
